=================================================================
==20589==ERROR: AddressSanitizer: heap-buffer-overflow on address 0x60200000000f at pc 0x5631536f1bee bp 0x7fffebaca7c0 sp 0x7fffebaca7b0
WRITE of size 1 at 0x60200000000f thread T0
    #0 0x5631536f1bed in caesar /home/ben/repos/fastcaesar/i.c:134
    #1 0x5631536ef564 in main /home/ben/repos/fastcaesar/main.c:15
    #2 0x7f7dcf03c28f  (/usr/lib/libc.so.6+0x2328f)
    #3 0x7f7dcf03c349 in __libc_start_main (/usr/lib/libc.so.6+0x23349)
    #4 0x5631536ef274 in _start (/home/ben/repos/fastcaesar/i.out+0x3274)

0x60200000000f is located 1 bytes to the left of 1-byte region [0x602000000010,0x602000000011)
allocated by thread T0 here:
    #0 0x7f7dcfabfa89 in __interceptor_malloc /usr/src/debug/gcc/gcc/libsanitizer/asan/asan_malloc_linux.cpp:69
    #1 0x5631536f1b52 in caesar /home/ben/repos/fastcaesar/i.c:133
    #2 0x5631536ef564 in main /home/ben/repos/fastcaesar/main.c:15
    #3 0x7f7dcf03c28f  (/usr/lib/libc.so.6+0x2328f)

SUMMARY: AddressSanitizer: heap-buffer-overflow /home/ben/repos/fastcaesar/i.c:134 in caesar
Shadow bytes around the buggy address:
  0x0c047fff7fb0: 00 00 00 00 00 00 00 00 00 00 00 00 00 00 00 00
  0x0c047fff7fc0: 00 00 00 00 00 00 00 00 00 00 00 00 00 00 00 00
  0x0c047fff7fd0: 00 00 00 00 00 00 00 00 00 00 00 00 00 00 00 00
  0x0c047fff7fe0: 00 00 00 00 00 00 00 00 00 00 00 00 00 00 00 00
  0x0c047fff7ff0: 00 00 00 00 00 00 00 00 00 00 00 00 00 00 00 00
=>0x0c047fff8000: fa[fa]01 fa fa fa fa fa fa fa fa fa fa fa fa fa
  0x0c047fff8010: fa fa fa fa fa fa fa fa fa fa fa fa fa fa fa fa
  0x0c047fff8020: fa fa fa fa fa fa fa fa fa fa fa fa fa fa fa fa
  0x0c047fff8030: fa fa fa fa fa fa fa fa fa fa fa fa fa fa fa fa
  0x0c047fff8040: fa fa fa fa fa fa fa fa fa fa fa fa fa fa fa fa
  0x0c047fff8050: fa fa fa fa fa fa fa fa fa fa fa fa fa fa fa fa
Shadow byte legend (one shadow byte represents 8 application bytes):
  Addressable:           00
  Partially addressable: 01 02 03 04 05 06 07 
  Heap left redzone:       fa
  Freed heap region:       fd
  Stack left redzone:      f1
  Stack mid redzone:       f2
  Stack right redzone:     f3
  Stack after return:      f5
  Stack use after scope:   f8
  Global redzone:          f9
  Global init order:       f6
  Poisoned by user:        f7
  Container overflow:      fc
  Array cookie:            ac
  Intra object redzone:    bb
  ASan internal:           fe
  Left alloca redzone:     ca
  Right alloca redzone:    cb
==20589==ABORTING
